2018-08-08 16:31:23,896 [HTTP-Dispatcher] DEBUG server.PlanningHttpServer - <p>
날짜:2018-8-8<br>
1. 켄싱턴제주호텔에서 09:28에 출발<br>
2. 박물관은살아있다 제주중문점에서 09:40에 도착해서 109분 동안 머물고 11:30에 출발<br>
3. 국수바다 본점에서 11:45에 도착해서 30분 동안 머물고 12:15에 출발<br>
4. 요트투어샹그릴라에서 12:35에 도착해서 60분 동안 머물고 13:35에 출발<br>
5. 퍼시픽랜드 돌고래쇼에서 13:46에 도착해서 70분 동안 머물고 14:56에 출발<br>
6. 중문색달해변에서 15:10에 도착해서 30분 동안 머물고 15:40에 출발<br>
7. 이중섭미술관에서 16:28에 도착해서 60분 동안 머물고 17:28에 출발<br>
8. 소정방폭포에서 17:46에 도착해서 30분 동안 머물고 18:16에 출발<br>
9. 우정횟집에서 18:34에 도착해서 30분 동안 머물고 19:04에 출발<br>
10. 용연구름다리에서 20:23에 도착해서 15분 동안 머물고 20:38에 출발<br>
11. 켄싱턴제주호텔에 22:00에 도착<br>
</p>


2018-08-08 16:31:23,934 [HTTP-Dispatcher] DEBUG server.PlanningHttpServer - 켄싱턴제주호텔->박물관은살아있다 제주중문점(POIType:여행.문화시설.미술관/박물관)->국수바다 본점(POIType:음식점.한식.국수)->요트투어샹그릴라(POIType:여행.관광/명소.투어버스/유람선/관광열차)->퍼시픽랜드 돌고래쇼(POIType:여행.관광/명소.테마파크)->중문색달해변(POIType:여행.관광/명소.해수욕장/해변)->이중섭미술관(POIType:여행.관광/명소.미술관/박물관)->소정방폭포(POIType:여행.관광/명소.폭포/계곡)->우정횟집(POIType:음식점.한식.해물/생선)->용연구름다리(POIType:여행.관광/명소.자연경관)->켄싱턴제주호텔(POIType:여행.숙박.호텔)
2018-08-08 16:56:57,362 [HTTP-Dispatcher] DEBUG server.PlanningHttpServer - <p>
날짜:2018-8-8<br>
1. 켄싱턴제주호텔에서 09:28에 출발<br>
2. 박물관은살아있다 제주중문점에서 09:40에 도착해서 109분 동안 머물고 11:30에 출발<br>
3. 국수바다 본점에서 11:45에 도착해서 30분 동안 머물고 12:15에 출발<br>
4. 중문색달해변에서 12:34에 도착해서 30분 동안 머물고 13:04에 출발<br>
5. 요트투어샹그릴라에서 13:19에 도착해서 60분 동안 머물고 14:19에 출발<br>
6. 퍼시픽랜드 돌고래쇼에서 14:30에 도착해서 70분 동안 머물고 15:40에 출발<br>
7. 이중섭미술관에서 16:28에 도착해서 60분 동안 머물고 17:28에 출발<br>
8. 소정방폭포에서 17:45에 도착해서 30분 동안 머물고 18:15에 출발<br>
9. 우정횟집에서 18:33에 도착해서 30분 동안 머물고 19:03에 출발<br>
10. 용연구름다리에서 20:23에 도착해서 15분 동안 머물고 20:38에 출발<br>
11. 켄싱턴제주호텔에 22:00에 도착<br>
</p>


2018-08-08 16:56:57,406 [HTTP-Dispatcher] DEBUG server.PlanningHttpServer - 켄싱턴제주호텔->박물관은살아있다 제주중문점(POIType:여행.문화시설.미술관/박물관)->국수바다 본점(POIType:음식점.한식.국수)->중문색달해변(POIType:여행.관광/명소.해수욕장/해변)->요트투어샹그릴라(POIType:여행.관광/명소.투어버스/유람선/관광열차)->퍼시픽랜드 돌고래쇼(POIType:여행.관광/명소.테마파크)->이중섭미술관(POIType:여행.관광/명소.미술관/박물관)->소정방폭포(POIType:여행.관광/명소.폭포/계곡)->우정횟집(POIType:음식점.한식.해물/생선)->용연구름다리(POIType:여행.관광/명소.자연경관)->켄싱턴제주호텔(POIType:여행.숙박.호텔)
